Microsoft (R) Macro Assembler Version 14.15.26730.0	    11/14/18 22:59:19
C:\Projects\REVIVAL\FDS\RENDER\PackedVars.ASM		     Page 1 - 1


				.686
				.MMX
				.XMM

 00000000			_DATA   SEGMENT PARA PUBLIC 'DATA'
					public	_pfMaxLight
					public	_pf255
					public	_pfr256
					public	_pf65536
					public	_pf32768
					public	_pf256
					public	_pf128
					public	_pf16
					public	_pf1
					public	_pf0

				align 16
 00000000 437A0000			_pfMaxLight	dd		250.0, 250.0, 250.0, 250.0
	   437A0000
	   437A0000
	   437A0000
 00000010 437F0000			_pf255		dd		255.0, 255.0, 255.0, 255.0
	   437F0000
	   437F0000
	   437F0000
 00000020 3B800000			_pfr256		dd		0.00390625, 0.00390625, 0.00390625, 0.00390625
	   3B800000
	   3B800000
	   3B800000
 00000030 47800000			_pf65536	dd		65536.0, 65536.0, 65536.0, 65536.0
	   47800000
	   47800000
	   47800000
 00000040 47000000			_pf32768	dd		32768.0, 32768.0, 32768.0, 32768.0
	   47000000
	   47000000
	   47000000
 00000050 43800000			_pf256		dd		256.0, 256.0, 256.0, 256.0
	   43800000
	   43800000
	   43800000
 00000060 43000000			_pf128		dd		128.0, 128.0, 128.0, 128.0
	   43000000
	   43000000
	   43000000
 00000070 41800000			_pf16		dd		16.0, 16.0, 16.0, 16.0
	   41800000
	   41800000
	   41800000
 00000080 3F800000			_pf1		dd		1.0, 1.0, 1.0, 1.0
	   3F800000
	   3F800000
	   3F800000
 00000090 00000000			_pf0		dd		0.0, 0.0, 0.0, 0.0
	   00000000
	   00000000
	   00000000
				align 1
 00A0				_DATA   ENDS

 00000000			_TEXT   SEGMENT PARA PUBLIC 'CODE'
					ASSUME  cs:_TEXT, ds:_DATA



 0000				_TEXT   ENDS

				END
Microsoft (R) Macro Assembler Version 14.15.26730.0	    11/14/18 22:59:19
C:\Projects\REVIVAL\FDS\RENDER\PackedVars.ASM		     Symbols 2 - 1




Segments and Groups:

                N a m e                 Size     Length   Align   Combine Class

_DATA  . . . . . . . . . . . . .	32 Bit	 00A0	  Para	  Public  'DATA'	
_TEXT  . . . . . . . . . . . . .	32 Bit	 0000	  Para	  Public  'CODE'	


Symbols:

                N a m e                 Type     Value    Attr

_pf0 . . . . . . . . . . . . . .	DWord	 0090	  _DATA	Public
_pf128 . . . . . . . . . . . . .	DWord	 0060	  _DATA	Public
_pf16  . . . . . . . . . . . . .	DWord	 0070	  _DATA	Public
_pf1 . . . . . . . . . . . . . .	DWord	 0080	  _DATA	Public
_pf255 . . . . . . . . . . . . .	DWord	 0010	  _DATA	Public
_pf256 . . . . . . . . . . . . .	DWord	 0050	  _DATA	Public
_pf32768 . . . . . . . . . . . .	DWord	 0040	  _DATA	Public
_pf65536 . . . . . . . . . . . .	DWord	 0030	  _DATA	Public
_pfMaxLight  . . . . . . . . . .	DWord	 0000	  _DATA	Public
_pfr256  . . . . . . . . . . . .	DWord	 0020	  _DATA	Public

	   0 Warnings
	   0 Errors
