Microsoft (R) Macro Assembler Version 10.00.30319.01	    07/08/11 23:14:43
C:\Projects\REVIVAL\FDS\FILLERS\TRNSGOUR.ASM		     Page 1 - 1


				.386p
 00000000			_DATA   SEGMENT DWORD PUBLIC 'DATA'
				align 4
 00000000 00000000		Left_Section            dd 0
 00000004 00000000		Right_Section           dd 0
 00000008 00000000		Left_Section_Height     dd 0
 0000000C 00000000		Right_Section_Height    dd 0
 00000010 00000000		Left_R              dd 0.0 ; float
 00000014 00000000		Delta_left_R            dd 0.0 ; float
 00000018 00000000		Left_G              dd 0.0 ; float
 0000001C 00000000		Delta_left_G            dd 0.0 ; float
 00000020 00000000		Left_B                  dd 0.0 ; float
 00000024 00000000		Delta_left_B            dd 0.0 ; float
 00000028 00000000		Right_R                 dd 0.0 ; float
 0000002C 00000000		Delta_right_R           dd 0.0 ; float
 00000030 00000000		Right_G                 dd 0.0 ; float
 00000034 00000000		Delta_right_G           dd 0.0 ; float
 00000038 00000000		Right_B                 dd 0.0 ; float
 0000003C 00000000		Delta_right_B           dd 0.0 ; float
 00000040 00000000		RevHeight               dd 0.0 ; float
 00000044 00000000		RevWidth                dd 0.0 ; float
 00000048 00000000		R                       dd 0
 0000004C 00000000		G                       dd 0
 00000050 00000000		B                       dd 0
 00000054 00000000		dr              dd 0
 00000058 00000000		dg                      dd 0
 0000005C 00000000		dbb                     dd 0
 00000060 00000000		XWidth          dd 0
 00000064 00000000		Height          dd 0
 00000068 00000000		Longest         dd 0
 0000006C  00000003 [		Left_Array              dd 3 dup(0)
	    00000000
	   ]
 00000078  00000003 [		RIght_Array             dd 3 dup(0)
	    00000000
	   ]
 00000084 00000000		Left_X          dd 0
 00000088 00000000		Delta_Left_X        dd 0
 0000008C 00000000		Right_X         dd 0
 00000090 00000000		Delta_Right_X       dd 0
 00000094 00000000		Where                   dd 0
 00000098 00000000		Top                     dd 0
 0000009C 00000000		Middle                  dd 0
 000000A0 00000000		Bottom                  dd 0
 000000A4 00000000		ScanLine        dd 0
 000000A8 00000000		TEBP            dd 0
 = 00000000			Vertex_X  equ 0
 = 00000004			Vertex_Y  equ 4
 = 00000008			Vertex_R  equ 8
 = 0000000C			Vertex_G  equ 12
 = 00000010			Vertex_B  equ 16
 000000AC 3F800000		One       dd  1.0
 000000B0 3F800000		Sixteen   dd  1.0
 000000B4 43800000		Sixtyfive dd  256.0


 000000B8 000004D4		_RGBTGouraud_Size	dd	ASM_FILE_END - _RGBTGouraud_
				align 1
 00BC				_DATA   ENDS

 00000000			_TEXT   SEGMENT BYTE PUBLIC 'CODE'
					ASSUME  cs:_TEXT, ds:_DATA

					PUBLIC  _RGBTGouraud_Size

					PUBLIC  _RGBTGouraud_
 00000000			_RGBTGouraud_:
 00000000  89 2D 000000A8 R	mov [TEBP],ebp

				;vtx in ebx , where in ecx

 00000006  89 0D 00000094 R	mov [Where],ecx

 0000000C  8B CB		mov ecx,ebx
 0000000E  8B F3		mov esi,ebx
 00000010  8B FB		mov edi,ebx
 00000012  83 C6 14		add esi,20
 00000015  83 C7 28		add edi,40

				;ecx - vertex 1
				;esi - vertex 2
				;edi - vertex 3

 00000018  8B 41 04		mov eax,[ecx+Vertex_Y]
 0000001B  3B 46 04		cmp eax,[esi+Vertex_Y]
 0000001E  7E 02		jle @@sort1
 00000020  87 CE		xchg ecx,esi
 00000022			@@sort1:
 00000022  8B 41 04		mov eax,[ecx+Vertex_Y]
 00000025  3B 47 04		cmp eax,[edi+Vertex_Y]
 00000028  7E 02		jle @@sort2
 0000002A  87 CF		xchg ecx,edi
 0000002C			@@sort2:
 0000002C  8B 46 04		mov eax,[esi+Vertex_Y]
 0000002F  3B 47 04		cmp eax,[edi+Vertex_Y]
 00000032  7E 02		jle @@sort3
 00000034  87 F7		xchg esi,edi
 00000036			@@sort3:

 00000036  8B 5F 04		mov ebx,[edi+Vertex_Y]
 00000039  2B 59 04		sub ebx,[ecx+Vertex_Y]
 0000003C  0F 84 00000359	jz TextureEnd

				;    int temp = ((v2->y - v1->y) << 16) / height;
				;    int longest = temp * (v3->x - v1->x) + ((v1->x - v2->x) << 16);
				;eax-longest

 00000042  8B 46 04		mov eax,[esi+Vertex_Y]
 00000045  8B 29		mov ebp,[ecx+Vertex_X]
 00000047  2B 41 04		sub eax,[ecx+Vertex_Y]
 0000004A  2B 2E		sub ebp,[esi+Vertex_X]
 0000004C  C1 E0 10		sal eax,16
 0000004F  C1 E5 10		sal ebp,16
 00000052  8B D0		mov edx,eax
 00000054  C1 FA 1F		sar edx,31
 00000057  F7 FB		idiv ebx
 00000059  8B 1F		mov ebx,[edi+Vertex_X]
 0000005B  2B 19		sub ebx,[ecx+Vertex_X]
 0000005D  F7 EB		imul ebx
 0000005F  03 C5		add eax,ebp
 00000061  A3 00000068 R	mov [Longest],eax
 00000066  0F 84 0000032F	jz TextureEnd
 0000006C  7D 7D		jge LongestOverZero


 0000006E  89 0D 00000098 R	mov [Top],ecx
 00000074  8B E9		mov ebp,ecx
 00000076  89 35 0000009C R	mov [Middle],esi
 0000007C  89 3D 000000A0 R	mov [Bottom],edi
 00000082  89 3D 00000078 R	mov [Right_Array],edi
 00000088  89 35 0000007C R	mov [Right_Array+4],esi
 0000008E  89 0D 00000080 R	mov [Right_Array+8],ecx
 00000094  C7 05 00000004 R	mov [Right_Section],2
	   00000002

 0000009E  89 3D 0000006C R	mov [Left_Array],edi
 000000A4  89 0D 00000070 R	mov [Left_Array+4],ecx
 000000AA  C7 05 00000000 R	mov [Left_Section],1
	   00000001

 000000B4  E8 000002E9		call CalcLeftSection
 000000B9  83 FB 00		cmp ebx,0
 000000BC  0F 8E 000002D9	jle TextureEnd

 000000C2  E8 00000374		call CalcRightSection
 000000C7  83 FB 00		cmp ebx,0
 000000CA  0F 8F 00000092	jg FLSNZ  ; First Right Section Is Not Zero
 000000D0  A1 00000004 R	mov eax,[Right_Section]
 000000D5  48			dec eax
 000000D6  A3 00000004 R	mov [Right_Section],eax
 000000DB  E8 0000035B		call CalcRightSection
 000000E0  83 FB 00		cmp ebx,0
 000000E3  0F 8E 000002B2	jle TextureEnd
 000000E9  EB 77		jmp FLSNZ

 000000EB			LongestOverZero:
 000000EB  89 0D 00000098 R	mov [Top],ecx
 000000F1  8B E9		mov ebp,ecx
 000000F3  89 35 0000009C R	mov [Middle],esi
 000000F9  89 3D 000000A0 R	mov [Bottom],edi
 000000FF  89 3D 0000006C R	mov [Left_Array],edi
 00000105  89 35 00000070 R	mov [Left_Array+4],esi
 0000010B  89 0D 00000074 R	mov [Left_Array+8],ecx
 00000111  C7 05 00000000 R	mov [Left_Section],2
	   00000002

 0000011B  89 3D 00000078 R	mov [Right_Array],edi
 00000121  89 0D 0000007C R	mov [Right_Array+4],ecx
 00000127  C7 05 00000004 R	mov [Right_Section],1
	   00000001

 00000131  E8 00000305		call CalcRightSection
 00000136  83 FB 00		cmp ebx,0
 00000139  0F 8E 0000025C	jle TextureEnd

 0000013F  E8 0000025E		call CalcLeftSection
 00000144  83 FB 00		cmp ebx,0
 00000147  7F 19		jg FLSNZ  ; First Left Section Is Not Zero
 00000149  A1 00000000 R	mov eax,[Left_Section]
 0000014E  48			dec eax
 0000014F  A3 00000000 R	mov [Left_Section],eax
 00000154  E8 00000249		call CalcLeftSection
 00000159  83 FB 00		cmp ebx,0
 0000015C  0F 8E 00000239	jle TextureEnd
 00000162			FLSNZ:

 00000162  8B 7D 04		mov edi,[ebp+vertex_y]
 00000165  8B D7		mov edx,edi
 00000167  C1 E7 08		sal edi,8
 0000016A  C1 E2 0A		sal edx,10
 0000016D  03 3D 00000094 R	add edi,[Where]
 00000173  03 FA		add edi,edx
 00000175  89 3D 000000A4 R	mov [ScanLine],edi

 0000017B			OuterLoop:
				;Inner Loop Start Here
 0000017B  A1 00000084 R	mov eax,[Left_X]
 00000180  8B 35 0000008C R	mov esi,[Right_X]
 00000186  C1 F8 10		sar eax,16
 00000189  8B 3D 000000A4 R	mov edi,[ScanLine]
 0000018F  C1 FE 10		sar esi,16
 00000192  2B F0		sub esi,eax
 00000194  0F 8E 000000F6	jle UpdateValues
 0000019A  D9 05 000000B0 R	FLD dword ptr [Sixteen]
 000001A0  89 35 00000060 R	mov [XWidth],esi
 000001A6  DB 05 00000060 R	FILD dword ptr [XWidth]
 000001AC  DE F9		FDIV                ;ST(6) - 1.0/Width
 000001AE  D9 05 000000B4 R	FLD dword ptr [SixtyFive]
 000001B4  DE C9		FMUL
 000001B6  D9 05 00000010 R	FLD dword ptr [Left_R]   ;ST(5)
 000001BC  D9 05 00000018 R	FLD dword ptr [Left_G]   ;ST(4)
 000001C2  D9 05 00000020 R	FLD dword ptr [Left_B]   ;ST(3)
 000001C8  D9 05 00000028 R	FLD dword ptr [Right_R]  ;ST(2)
 000001CE  D9 05 00000030 R	FLD dword ptr [Right_G]  ;ST(1)
 000001D4  D9 05 00000038 R	FLD dword ptr [Right_B]  ;ST(0)
 000001DA  D8 E3		FSUB ST(0),ST(3) ;ST(1) = Delta B
 000001DC  D9 C9		FXCH ST(1)
 000001DE  D8 E4		FSUB ST(0),ST(4) ;ST(2) = Delta G
 000001E0  D9 CA		FXCH ST(2)
 000001E2  D8 E5		FSUB ST(0),ST(5) ;ST(0) = Delta R
 000001E4  D8 CE		FMUL ST(0),ST(6)
 000001E6  D9 CA		FXCH ST(2)
 000001E8  D8 CE		FMUL ST(0),ST(6)
 000001EA  D9 C9		FXCH ST(1)
 000001EC  D8 CE		FMUL ST(0),ST(6)
 000001EE  DD C6		FFREE ST(6)
 000001F0  DB 1D 0000005C R	FISTP dword ptr [dbb]
 000001F6  DB 1D 00000058 R	FISTP dword ptr [dg]
 000001FC  DB 1D 00000054 R	FISTP dword ptr [dr]
 00000202  8D 3C 87		lea edi,[edi+eax*4]
				;FLD One
				;FDIV ST(0),ST(6)
				;mov cl,[Edi]
 00000205  D9 05 000000B4 R	FLD dword ptr [SixtyFive]
 0000020B  D9 C0		FLD ST(0)
 0000020D  D8 CC		FMUL ST(0),ST(4)
 0000020F  DB 1D 00000048 R	FISTP dword ptr [R]
 00000215  D9 C0		FLD ST(0)
 00000217  D8 CB		FMUL ST(0),ST(3)
 00000219  DB 1D 0000004C R	FISTP dword ptr [G]
 0000021F  D8 C9		FMUL ST(0),ST(1)
 00000221  DB 1D 00000050 R	FISTP dword ptr [B]

				;Left R   ST(5)
				;Left G   ST(4)
				;Left B   ST(3)
				;Delta R  ST(2)
				;Delta G  ST(1)
				;Delta B  ST(0)
				comment &
				FXCH ST(3)  ;ST(0) = B    ST(3) = Delta B
				FADD ST(0),ST(3)
				FXCH ST(1)  ;ST(0) = Delta G    ST(1) = B
				FXCH ST(4)  ;ST(0) = G    ST(4) = Delta G
				FADD ST(0),ST(4)
				FXCH ST(2)  ;ST(0) = Delta R    ST(2) = G
				FXCH ST(5)  ;ST(0) = R    ST(5) = Delta R
				FADD ST(0),ST(5)

				;Delta R  ST(5)
				;Delta G  ST(4)
				;Delta B  ST(3)
				;Left R   ST(2)
				;Left G   ST(1)
				;Left B   ST(0)
				&

 00000227			InnerOuterLoop:

				;Delta Z  ST(5)
				;Delta U  ST(4)
				;Delta V  ST(3)
				;Left U   ST(2)
				;Left V   ST(1)
				;Left Z   ST(0)

				;mov esi,[BitMap]
				;mov [Xwidth],eax
 00000227  8D 3C B7		lea edi,[edi+esi*4]
 0000022A  C1 E6 02		shl esi,2
 0000022D  A1 00000048 R	mov eax,[R]
 00000232  83 F6 FF		xor esi,-1
 00000235  8B 1D 0000004C R	mov ebx,[G]
 0000023B  46			inc esi
 0000023C  8B 0D 00000050 R	mov ecx,[B]
 00000242  2B 05 00000054 R	sub eax,[dr]
 00000248  2B 1D 00000058 R	sub ebx,[dg]
 0000024E  2B 0D 0000005C R	sub ecx,[dbb]

 00000254			@@Inner:
 00000254  8B 2C 3E		mov ebp,[edi+esi]
 00000257  03 05 00000054 R	add eax,[dr]
 0000025D  81 E5 FEFEFEFE	and ebp,0fefefefeh
 00000263  03 1D 00000058 R	add ebx,[dg]
 00000269  03 0D 0000005C R	add ecx,[dbb]
 0000026F  8A F4		mov dh,ah
 00000271  C1 E2 08		shl edx,8
 00000274  8A F7		mov dh,bh
 00000276  8A D5		mov dl,ch
 00000278  81 E2 FEFEFEFE	and edx,0fefefefeh
 0000027E  03 D5		add edx,ebp
 00000280  D1 EA		shr edx,1
 00000282  89 14 3E		mov [edi+esi],edx
 00000285  83 C6 04		add esi,4
 00000288  75 CA		jnz @@Inner

 0000028A  DD C0		FFREE ST(0)
 0000028C  DD C1		FFREE ST(1)
 0000028E  DD C2		FFREE ST(2)

				;Inner Loop End Here

 00000290			UpdateValues:
 00000290  A1 000000A4 R	mov eax,[ScanLine]
 00000295  8B 1D 00000008 R	mov ebx,[Left_Section_Height]
 0000029B  05 00000500		add eax,1280
 000002A0  4B			dec ebx
 000002A1  A3 000000A4 R	mov [ScanLine],eax
 000002A6  89 1D 00000008 R	mov [Left_Section_Height],ebx
 000002AC  7F 23		jg @@Update_Left_UVXZ
 000002AE  8B 1D 00000000 R	mov ebx,[Left_Section]
 000002B4  4B			dec ebx
 000002B5  0F 8E 000000E0	jle TextureEnd
 000002BB  89 1D 00000000 R	mov [Left_Section],ebx
 000002C1  E8 000000DC		call CalcLeftSection
 000002C6  83 FB 00		cmp ebx,0
 000002C9  0F 8E 000000CC	jle TextureEnd
 000002CF  EB 4C		jmp RightSectionCheck
 000002D1			@@Update_Left_UVXZ:
 000002D1  D9 05 00000010 R	FLD dword ptr [Left_R]
 000002D7  D9 05 00000018 R	FLD dword ptr [Left_G]
 000002DD  D9 C9		FXCH ST(1)
 000002DF  D8 05 00000014 R	FADD dword ptr [Delta_Left_R]
 000002E5  D9 C9		FXCH ST(1)
 000002E7  D8 05 0000001C R	FADD [Delta_Left_G]
 000002ED  D9 C9		FXCH ST(1)
 000002EF  D9 1D 00000010 R	FSTP dword ptr [Left_R]
 000002F5  D9 1D 00000018 R	FSTP dword ptr [Left_G]

 000002FB  D9 05 00000020 R	FLD dword ptr [Left_B]
 00000301  A1 00000084 R	mov eax,[Left_X]
 00000306  D8 05 00000024 R	FADD dword ptr [Delta_Left_B]
 0000030C  03 05 00000088 R	add eax,[Delta_Left_X]
 00000312  D9 1D 00000020 R	FSTP dword ptr [Left_B]
 00000318  A3 00000084 R	mov [Left_X],eax

 0000031D			RightSectionCheck:
 0000031D  8B 1D 0000000C R	mov ebx,[Right_Section_Height]
 00000323  4B			dec ebx
 00000324  89 1D 0000000C R	mov [Right_Section_Height],ebx
 0000032A  7F 1E		jg @@Update_Right_UVXZ
 0000032C  8B 1D 00000004 R	mov ebx,[Right_Section]
 00000332  4B			dec ebx
 00000333  7E 66		jle TextureEnd
 00000335  89 1D 00000004 R	mov [Right_Section],ebx
 0000033B  E8 000000FB		call CalcRightSection
 00000340  83 FB 00		cmp ebx,0
 00000343  7E 56		jle TextureEnd
 00000345  E9 FFFFFE31		jmp OuterLoop

 0000034A			@@Update_Right_UVXZ:
 0000034A  D9 05 00000028 R	FLD dword ptr [Right_R]
 00000350  D9 05 00000030 R	FLD dword ptr [Right_G]
 00000356  D9 C9		FXCH ST(1)
 00000358  D8 05 0000002C R	FADD dword ptr [Delta_Right_R]
 0000035E  D9 C9		FXCH ST(1)
 00000360  D8 05 00000034 R	FADD [Delta_Right_G]
 00000366  D9 C9		FXCH ST(1)
 00000368  D9 1D 00000028 R	FSTP dword ptr [Right_R]
 0000036E  D9 1D 00000030 R	FSTP dword ptr [Right_G]

 00000374  D9 05 00000038 R	FLD dword ptr [Right_B]
 0000037A  A1 0000008C R	mov eax,[Right_X]
 0000037F  D8 05 0000003C R	FADD dword ptr [Delta_Right_B]
 00000385  03 05 00000090 R	add eax,[Delta_Right_X]
 0000038B  D9 1D 00000038 R	FSTP dword ptr [Right_B]
 00000391  A3 0000008C R	mov [Right_X],eax

 00000396  E9 FFFFFDE0		jmp OuterLoop

 0000039B			TextureEnd:
 0000039B  8B 2D 000000A8 R	mov ebp,[Tebp]
 000003A1  C3			ret

 000003A2			CalcLeftSection proc near

 000003A2  A1 00000000 R	mov eax,[Left_Section]
 000003A7  8B 0C 85		mov ecx,[Left_Array+eax*4]
	   0000006C R
 000003AE  83 E8 01		sub eax,1
 000003B1  8B 34 85		mov esi,[Left_Array+eax*4]
	   0000006C R
 000003B8  8B 5E 04		mov ebx,[esi+Vertex_Y]
 000003BB  2B 59 04		sub ebx,[ecx+Vertex_Y]
 000003BE  74 74		jz @@CLSend
 000003C0  89 1D 00000064 R	mov [Height],ebx
 000003C6  8B 11		mov edx,[ecx+Vertex_X]
 000003C8  DB 05 00000064 R	FILD dword ptr [Height]
 000003CE  C1 E2 10		sal edx,16
 000003D1  8B 06		mov eax,[esi+Vertex_X]
 000003D3  2B 01		sub eax,[ecx+Vertex_X]
 000003D5  D9 05 000000AC R	FLD dword ptr [One]
 000003DB  C1 E0 10		sal eax,16
 000003DE  89 15 00000084 R	mov [left_x],edx
 000003E4  8B D0		mov edx,eax
 000003E6  DE F1		FDIVR
 000003E8  C1 FA 1F		sar edx,31
 000003EB  F7 FB		idiv ebx
 000003ED  D9 46 08		FLD dword ptr [esi+Vertex_R]
 000003F0  A3 00000088 R	mov [Delta_Left_X],eax
 000003F5  D9 41 08		FLD dword ptr [ecx+Vertex_R]
 000003F8  D9 15 00000010 R	FST [Left_R]
 000003FE  DE E9		FSUB
 00000400  D8 C9		FMUL ST,ST(1)
 00000402  D9 1D 00000014 R	FSTP dword ptr [Delta_Left_R]

 00000408  D9 46 0C		FLD dword ptr [esi+Vertex_G]
 0000040B  D9 41 0C		FLD dword ptr [ecx+Vertex_G]
 0000040E  D9 15 00000018 R	FST [Left_G]
 00000414  DE E9		FSUB
 00000416  D8 C9		FMUL ST,ST(1)
 00000418  D9 1D 0000001C R	FSTP dword ptr [Delta_Left_G]

 0000041E  D9 46 10		FLD dword ptr [esi+Vertex_B]
 00000421  D9 41 10		FLD dword ptr [ecx+Vertex_B]
 00000424  D9 15 00000020 R	FST [Left_B]
 0000042A  DE E9		FSUB
 0000042C  DE C9		FMUL
 0000042E  D9 1D 00000024 R	FSTP dword ptr [Delta_Left_B]
 00000434			@@CLSend:
 00000434  89 1D 00000008 R	mov [Left_Section_Height],ebx
 0000043A  C3			  ret
 0000043B			CalcLeftSection endp



 0000043B			CalcRightSection proc near

 0000043B  A1 00000004 R	mov eax,[Right_Section]
 00000440  8B 0C 85		mov ecx,[Right_Array+eax*4]
	   00000078 R
 00000447  83 E8 01		sub eax,1
 0000044A  8B 34 85		mov esi,[Right_Array+eax*4]
	   00000078 R
 00000451  8B 5E 04		mov ebx,[esi+Vertex_Y]
 00000454  2B 59 04		sub ebx,[ecx+Vertex_Y]
 00000457  74 74		jz @@CRSend
 00000459  89 1D 00000064 R	mov [Height],ebx
 0000045F  8B 11		mov edx,[ecx+Vertex_X]
 00000461  DB 05 00000064 R	FILD dword ptr [Height]
 00000467  C1 E2 10		sal edx,16
 0000046A  8B 06		mov eax,[esi+Vertex_X]
 0000046C  2B 01		sub eax,[ecx+Vertex_X]
 0000046E  D9 05 000000AC R	FLD dword ptr [One]
 00000474  C1 E0 10		sal eax,16
 00000477  89 15 0000008C R	mov [Right_X],edx
 0000047D  8B D0		mov edx,eax
 0000047F  DE F1		FDIVR
 00000481  C1 FA 1F		sar edx,31
 00000484  F7 FB		idiv ebx
 00000486  D9 46 08		FLD dword ptr [esi+Vertex_R]
 00000489  A3 00000090 R	mov [Delta_Right_X],eax
 0000048E  D9 41 08		FLD dword ptr [ecx+Vertex_R]
 00000491  D9 15 00000028 R	FST [Right_R]
 00000497  DE E9		FSUB
 00000499  D8 C9		FMUL ST,ST(1)
 0000049B  D9 1D 0000002C R	FSTP dword ptr [Delta_Right_R]

 000004A1  D9 46 0C		FLD dword ptr [esi+Vertex_G]
 000004A4  D9 41 0C		FLD dword ptr [ecx+Vertex_G]
 000004A7  D9 15 00000030 R	FST [Right_G]
 000004AD  DE E9		FSUB
 000004AF  D8 C9		FMUL ST,ST(1)
 000004B1  D9 1D 00000034 R	FSTP dword ptr [Delta_Right_G]

 000004B7  D9 46 10		FLD dword ptr [esi+Vertex_B]
 000004BA  D9 41 10		FLD dword ptr [ecx+Vertex_B]
 000004BD  D9 15 00000038 R	FST [Right_B]
 000004C3  DE E9		FSUB
 000004C5  DE C9		FMUL
 000004C7  D9 1D 0000003C R	FSTP dword ptr [Delta_Right_B]
 000004CD			@@CRSend:
 000004CD  89 1D 0000000C R	mov [Right_Section_Height],ebx
 000004D3  C3			  ret
 000004D4			CalcRightSection endp

 000004D4 = 000004D4		ASM_FILE_END	equ	$

 04D4				_TEXT   ENDS

				END
Microsoft (R) Macro Assembler Version 10.00.30319.01	    07/08/11 23:14:43
C:\Projects\REVIVAL\FDS\FILLERS\TRNSGOUR.ASM		     Symbols 2 - 1




Segments and Groups:

                N a m e                 Size     Length   Align   Combine Class

_DATA  . . . . . . . . . . . . .	32 Bit	 00BC	  DWord	  Public  'DATA'	
_TEXT  . . . . . . . . . . . . .	32 Bit	 04D4	  Byte	  Public  'CODE'	


Procedures, parameters, and locals:

                N a m e                 Type     Value    Attr

CalcLeftSection  . . . . . . . .	P Near	 03A2	  _TEXT	Length= 0099 Public
  @@CLSend . . . . . . . . . . .	L Near	 0434	  _TEXT	
CalcRightSection . . . . . . . .	P Near	 043B	  _TEXT	Length= 0099 Public
  @@CRSend . . . . . . . . . . .	L Near	 04CD	  _TEXT	


Symbols:

                N a m e                 Type     Value    Attr

@@Inner  . . . . . . . . . . . .	L Near	 0254	  _TEXT	
@@Update_Left_UVXZ . . . . . . .	L Near	 02D1	  _TEXT	
@@Update_Right_UVXZ  . . . . . .	L Near	 034A	  _TEXT	
@@sort1  . . . . . . . . . . . .	L Near	 0022	  _TEXT	
@@sort2  . . . . . . . . . . . .	L Near	 002C	  _TEXT	
@@sort3  . . . . . . . . . . . .	L Near	 0036	  _TEXT	
ASM_FILE_END . . . . . . . . . .	Number	 04D4h	 
Bottom . . . . . . . . . . . . .	DWord	 00A0	  _DATA	
B  . . . . . . . . . . . . . . .	DWord	 0050	  _DATA	
Delta_Left_X . . . . . . . . . .	DWord	 0088	  _DATA	
Delta_Right_X  . . . . . . . . .	DWord	 0090	  _DATA	
Delta_left_B . . . . . . . . . .	DWord	 0024	  _DATA	
Delta_left_G . . . . . . . . . .	DWord	 001C	  _DATA	
Delta_left_R . . . . . . . . . .	DWord	 0014	  _DATA	
Delta_right_B  . . . . . . . . .	DWord	 003C	  _DATA	
Delta_right_G  . . . . . . . . .	DWord	 0034	  _DATA	
Delta_right_R  . . . . . . . . .	DWord	 002C	  _DATA	
FLSNZ  . . . . . . . . . . . . .	L Near	 0162	  _TEXT	
G  . . . . . . . . . . . . . . .	DWord	 004C	  _DATA	
Height . . . . . . . . . . . . .	DWord	 0064	  _DATA	
InnerOuterLoop . . . . . . . . .	L Near	 0227	  _TEXT	
Left_Array . . . . . . . . . . .	DWord	 006C	  _DATA	
Left_B . . . . . . . . . . . . .	DWord	 0020	  _DATA	
Left_G . . . . . . . . . . . . .	DWord	 0018	  _DATA	
Left_R . . . . . . . . . . . . .	DWord	 0010	  _DATA	
Left_Section_Height  . . . . . .	DWord	 0008	  _DATA	
Left_Section . . . . . . . . . .	DWord	 0000	  _DATA	
Left_X . . . . . . . . . . . . .	DWord	 0084	  _DATA	
LongestOverZero  . . . . . . . .	L Near	 00EB	  _TEXT	
Longest  . . . . . . . . . . . .	DWord	 0068	  _DATA	
Middle . . . . . . . . . . . . .	DWord	 009C	  _DATA	
One  . . . . . . . . . . . . . .	DWord	 00AC	  _DATA	
OuterLoop  . . . . . . . . . . .	L Near	 017B	  _TEXT	
RIght_Array  . . . . . . . . . .	DWord	 0078	  _DATA	
RevHeight  . . . . . . . . . . .	DWord	 0040	  _DATA	
RevWidth . . . . . . . . . . . .	DWord	 0044	  _DATA	
RightSectionCheck  . . . . . . .	L Near	 031D	  _TEXT	
Right_B  . . . . . . . . . . . .	DWord	 0038	  _DATA	
Right_G  . . . . . . . . . . . .	DWord	 0030	  _DATA	
Right_R  . . . . . . . . . . . .	DWord	 0028	  _DATA	
Right_Section_Height . . . . . .	DWord	 000C	  _DATA	
Right_Section  . . . . . . . . .	DWord	 0004	  _DATA	
Right_X  . . . . . . . . . . . .	DWord	 008C	  _DATA	
R  . . . . . . . . . . . . . . .	DWord	 0048	  _DATA	
ScanLine . . . . . . . . . . . .	DWord	 00A4	  _DATA	
Sixteen  . . . . . . . . . . . .	DWord	 00B0	  _DATA	
Sixtyfive  . . . . . . . . . . .	DWord	 00B4	  _DATA	
TEBP . . . . . . . . . . . . . .	DWord	 00A8	  _DATA	
TextureEnd . . . . . . . . . . .	L Near	 039B	  _TEXT	
Top  . . . . . . . . . . . . . .	DWord	 0098	  _DATA	
UpdateValues . . . . . . . . . .	L Near	 0290	  _TEXT	
Vertex_B . . . . . . . . . . . .	Number	 0010h	 
Vertex_G . . . . . . . . . . . .	Number	 000Ch	 
Vertex_R . . . . . . . . . . . .	Number	 0008h	 
Vertex_X . . . . . . . . . . . .	Number	 0000h	 
Vertex_Y . . . . . . . . . . . .	Number	 0004h	 
Where  . . . . . . . . . . . . .	DWord	 0094	  _DATA	
XWidth . . . . . . . . . . . . .	DWord	 0060	  _DATA	
_RGBTGouraud_Size  . . . . . . .	DWord	 00B8	  _DATA	Public
_RGBTGouraud_  . . . . . . . . .	L Near	 0000	  _TEXT	Public
dbb  . . . . . . . . . . . . . .	DWord	 005C	  _DATA	
dg . . . . . . . . . . . . . . .	DWord	 0058	  _DATA	
dr . . . . . . . . . . . . . . .	DWord	 0054	  _DATA	

	   0 Warnings
	   0 Errors
